PLINK v1.90b4.4 64-bit (21 May 2017)
Options in effect:
  --recode
  --vcf ALL.chr20.chunk1.vcf

Hostname: ieu1217-k01f
Working directory: /Users/ckarch/course/data/plink
Start time: Fri Oct  2 10:28:00 2020

Random number seed: 1601627280
32768 MB RAM detected; reserving 16384 MB for main workspace.
--vcf: plink-temporary.bed + plink-temporary.bim + plink-temporary.fam written.
95626 variants loaded from .bim file.
2504 people (0 males, 0 females, 2504 ambiguous) loaded from .fam.
Ambiguous sex IDs written to plink.nosex .
Using 1 thread (no multithreaded calculations invoked).
Before main variant filters, 2504 founders and 0 nonfounders present.
Calculating allele frequencies... done.
Total genotyping rate is 0.999839.
95626 variants and 2504 people pass filters and QC.
Note: No phenotypes present.
--recode ped to plink.ped + plink.map ... done.

End time: Fri Oct  2 10:28:10 2020
