PLINK v1.90b4.4 64-bit (21 May 2017)
Options in effect:
  --hwe 1e-3
  --out ALL.hwe
  --recode
  --vcf ALL.chr20.chunk1.vcf

Hostname: ieu1218-k01f
Working directory: /Users/jpecni/course/data
Start time: Fri Oct  2 10:50:42 2020

Random number seed: 1601628642
32768 MB RAM detected; reserving 16384 MB for main workspace.
--vcf: ALL.hwe-temporary.bed + ALL.hwe-temporary.bim + ALL.hwe-temporary.fam
written.
95626 variants loaded from .bim file.
2504 people (0 males, 0 females, 2504 ambiguous) loaded from .fam.
Ambiguous sex IDs written to ALL.hwe.nosex .
Using 1 thread (no multithreaded calculations invoked).
Before main variant filters, 2504 founders and 0 nonfounders present.
Calculating allele frequencies... done.
Total genotyping rate is 0.999839.
Warning: --hwe observation counts vary by more than 10%.  Consider using
--geno, and/or applying different p-value thresholds to distinct subsets of
your data.
--hwe: 8152 variants removed due to Hardy-Weinberg exact test.
87474 variants and 2504 people pass filters and QC.
Note: No phenotypes present.
--recode ped to ALL.hwe.ped + ALL.hwe.map ... done.

End time: Fri Oct  2 10:50:51 2020
